{"C:\\Users\\David Loder\\Code\\Temple University\\CIS 3344\\groovo\\frontend\\src\\components\\cards\\CardComponent.jsx": {"path":"C:\\Users\\David Loder\\Code\\Temple University\\CIS 3344\\groovo\\frontend\\src\\components\\cards\\CardComponent.jsx","all":false,"statementMap":{"0":{"start":{"line":1,"column":0},"end":{"line":1,"column":26}},"1":{"start":{"line":2,"column":0},"end":{"line":2,"column":74}},"2":{"start":{"line":3,"column":0},"end":{"line":3,"column":39}},"4":{"start":{"line":5,"column":0},"end":{"line":5,"column":59}},"5":{"start":{"line":6,"column":0},"end":{"line":6,"column":10}},"6":{"start":{"line":7,"column":0},"end":{"line":7,"column":6}},"7":{"start":{"line":8,"column":0},"end":{"line":8,"column":11}},"8":{"start":{"line":9,"column":0},"end":{"line":9,"column":22}},"9":{"start":{"line":10,"column":0},"end":{"line":10,"column":66}},"10":{"start":{"line":11,"column":0},"end":{"line":11,"column":44}},"11":{"start":{"line":12,"column":0},"end":{"line":12,"column":61}},"12":{"start":{"line":13,"column":0},"end":{"line":13,"column":73}},"14":{"start":{"line":15,"column":0},"end":{"line":15,"column":16}},"15":{"start":{"line":16,"column":0},"end":{"line":16,"column":13}},"16":{"start":{"line":17,"column":0},"end":{"line":17,"column":22}},"17":{"start":{"line":18,"column":0},"end":{"line":18,"column":26}},"18":{"start":{"line":19,"column":0},"end":{"line":19,"column":26}},"19":{"start":{"line":20,"column":0},"end":{"line":20,"column":39}},"20":{"start":{"line":21,"column":0},"end":{"line":21,"column":10}},"21":{"start":{"line":22,"column":0},"end":{"line":22,"column":18}},"22":{"start":{"line":23,"column":0},"end":{"line":23,"column":54}},"23":{"start":{"line":24,"column":0},"end":{"line":24,"column":20}},"24":{"start":{"line":25,"column":0},"end":{"line":25,"column":24}},"25":{"start":{"line":26,"column":0},"end":{"line":26,"column":78}},"26":{"start":{"line":27,"column":0},"end":{"line":27,"column":21}},"27":{"start":{"line":28,"column":0},"end":{"line":28,"column":20}},"28":{"start":{"line":29,"column":0},"end":{"line":29,"column":52}},"29":{"start":{"line":30,"column":0},"end":{"line":30,"column":21}},"30":{"start":{"line":31,"column":0},"end":{"line":31,"column":19}},"31":{"start":{"line":32,"column":0},"end":{"line":32,"column":13}},"32":{"start":{"line":33,"column":0},"end":{"line":33,"column":7}},"34":{"start":{"line":35,"column":0},"end":{"line":35,"column":2}},"36":{"start":{"line":37,"column":0},"end":{"line":37,"column":29}}},"s":{"0":1,"1":1,"2":1,"4":1,"5":3,"6":3,"7":3,"8":3,"9":3,"10":3,"11":3,"12":3,"14":3,"15":3,"16":3,"17":3,"18":3,"19":3,"20":3,"21":3,"22":3,"23":3,"24":3,"25":3,"26":3,"27":3,"28":3,"29":3,"30":3,"31":3,"32":3,"34":3,"36":1},"branchMap":{"0":{"type":"branch","line":5,"loc":{"start":{"line":5,"column":22},"end":{"line":35,"column":2}},"locations":[{"start":{"line":5,"column":22},"end":{"line":35,"column":2}}]},"1":{"type":"branch","line":26,"loc":{"start":{"line":26,"column":19},"end":{"line":26,"column":32}},"locations":[{"start":{"line":26,"column":19},"end":{"line":26,"column":32}}]},"2":{"type":"branch","line":26,"loc":{"start":{"line":26,"column":56},"end":{"line":26,"column":78}},"locations":[{"start":{"line":26,"column":56},"end":{"line":26,"column":78}}]},"3":{"type":"branch","line":26,"loc":{"start":{"line":26,"column":32},"end":{"line":26,"column":45}},"locations":[{"start":{"line":26,"column":32},"end":{"line":26,"column":45}}]}},"b":{"0":[3],"1":[2],"2":[1],"3":[4]},"fnMap":{"0":{"name":"CardComponent","decl":{"start":{"line":5,"column":22},"end":{"line":35,"column":2}},"loc":{"start":{"line":5,"column":22},"end":{"line":35,"column":2}},"line":5}},"f":{"0":3}}
}
